<?xml version="1.0" encoding="UTF-8"?>
<testsuite name="usuario realiza pago factura energia." tests="1" skipped="0" failures="1" errors="0" timestamp="2022-04-07T23:17:08" hostname="CHMEPPF37Q5J7" time="14.44">
  <properties/>
  <testcase name="REALIZAR PAGO FACTURA," classname="usuario realiza pago factura energia." time="14.44">
    <failure message="io.cucumber.junit.UndefinedStepException: The step 'CANCELAR_PAGO' is undefined.&#10;You can implement this step using the snippet(s) below:&#10;&#10;@Then(&quot;CANCELAR_PAGO&quot;)&#10;public void cancelar_pago() {&#10;    // Write code here that turns the phrase above into concrete actions&#10;    throw new io.cucumber.java.PendingException();&#10;}&#10;" type="io.cucumber.junit.UndefinedStepException">io.cucumber.junit.UndefinedStepException: The step 'CANCELAR_PAGO' is undefined.
You can implement this step using the snippet(s) below:

@Then(&quot;CANCELAR_PAGO&quot;)
public void cancelar_pago() {
    // Write code here that turns the phrase above into concrete actions
    throw new io.cucumber.java.PendingException();
}

</failure>
  </testcase>
  <system-out><![CDATA[]]></system-out>
  <system-err><![CDATA[Starting ChromeDriver 100.0.4896.60 (6a5d10861ce8de5fce22564658033b43cb7de047-refs/branch-heads/4896@{#875}) on port 52083
Only local connections are allowed.
Please see https://chromedriver.chromium.org/security-considerations for suggestions on keeping ChromeDriver safe.
ChromeDriver was started successfully.
abr 07, 2022 6:17:11 PM org.openqa.selenium.remote.ProtocolHandshake createSession
INFORMACIÓN: Detected dialect: W3C
abr 07, 2022 6:17:11 PM org.openqa.selenium.devtools.CdpVersionFinder findNearestMatch
ADVERTENCIA: Unable to find an exact match for CDP version 100, so returning the closest version found: 97
abr 07, 2022 6:17:11 PM org.openqa.selenium.devtools.CdpVersionFinder findNearestMatch
INFORMACIÓN: Found CDP implementation for version 100 of 97
]]></system-err>
</testsuite>
